<?xml version="1.0" encoding="UTF-8"?>
<!-- Generated by org.testng.reporters.JUnitXMLReporter -->
<testsuite ignored="0" hostname="DESKTOP-R6GD7JD" failures="0" tests="4" name="Test" time="127.181" errors="0" timestamp="2024-12-21T14:09:04 IST">
  <testcase classname="com.Test.CreateContactTest" name="verifyCreateContactValidations" time="9.213"/>
  <testcase classname="com.Test.CreateContactTest" name="verifyCreateContact" time="17.68"/>
  <testcase classname="com.Test.CreateEventTest" name="verifyCreateContactValidations" time="20.457"/>
  <testcase classname="com.Test.EditProfileTest" name="verifyEditProfileTest" time="25.812"/>
</testsuite> <!-- Test -->
