<?xml version="1.0" encoding="UTF-8"?>
<!-- Generated by org.testng.reporters.JUnitXMLReporter -->
<testsuite ignored="0" hostname="DESKTOP-R6GD7JD" failures="0" tests="4" name="Test" time="178.234" errors="0" timestamp="2024-12-23T11:13:09 IST">
  <testcase classname="com.Test.CreateContactTest" name="verifyCreateContactValidations" time="39.91"/>
  <testcase classname="com.Test.CreateContactTest" name="verifyCreateContact" time="43.209"/>
  <testcase classname="com.Test.CreateEventTest" name="verifyCreateContactValidations" time="20.619"/>
  <testcase classname="com.Test.EditProfileTest" name="verifyEditProfileTest" time="25.127"/>
</testsuite> <!-- Test -->
