<?xml version="1.0" encoding="UTF-8"?>
<!-- Generated by org.testng.reporters.JUnitXMLReporter -->
<testsuite ignored="0" hostname="DESKTOP-R6GD7JD" failures="2" tests="2" name="Test" time="27.108" errors="0" timestamp="2024-12-29T10:42:11 IST">
  <testcase classname="com.Test.CreateContactTest" name="verifyCreateContactValidations" time="0.034">
    <failure type="java.lang.NullPointerException">
      <![CDATA[java.lang.NullPointerException
at java.base/java.util.Objects.requireNonNull(Objects.java:233)
at org.openqa.selenium.interactions.PointerInput$Origin.fromElement(PointerInput.java:222)
at org.openqa.selenium.interactions.Actions.moveInTicks(Actions.java:416)
at org.openqa.selenium.interactions.Actions.click(Actions.java:322)
at com.TestCRM.TestUtils.Helper.clickWebEelement(Helper.java:41)
at com.TestCRM.Pages.CreateContact.verifyLandOnCreateContactPage(CreateContact.java:114)
at com.Test.CreateContactTest.verifyCreateContactValidations(CreateContactTest.java:40)
at java.base/java.util.ArrayList.forEach(ArrayList.java:1596)
... Removed 25 stack frames]]>
    </failure>
  </testcase> <!-- verifyCreateContactValidations -->
  <testcase classname="com.Test.CreateContactTest" name="verifyCreateContact" time="0.009">
    <failure type="java.lang.NullPointerException">
      <![CDATA[java.lang.NullPointerException
at java.base/java.util.Objects.requireNonNull(Objects.java:233)
at org.openqa.selenium.interactions.PointerInput$Origin.fromElement(PointerInput.java:222)
at org.openqa.selenium.interactions.Actions.moveInTicks(Actions.java:416)
at org.openqa.selenium.interactions.Actions.click(Actions.java:322)
at com.TestCRM.TestUtils.Helper.clickWebEelement(Helper.java:41)
at com.TestCRM.Pages.CreateContact.verifyLandOnCreateContactPage(CreateContact.java:114)
at com.Test.CreateContactTest.verifyCreateContact(CreateContactTest.java:50)
at java.base/java.util.ArrayList.forEach(ArrayList.java:1596)
... Removed 25 stack frames]]>
    </failure>
  </testcase> <!-- verifyCreateContact -->
</testsuite> <!-- Test -->
