<?xml version="1.0" encoding="UTF-8"?>
<!-- Generated by org.testng.reporters.JUnitXMLReporter -->
<testsuite ignored="2" hostname="DESKTOP-R6GD7JD" failures="0" tests="1" name="Test" time="25.482" errors="0" timestamp="2024-12-20T15:00:40 IST">
  <testcase classname="com.Test.CreateContactTest" name="verifyCreateContactValidations" time="9.621"/>
  <testcase classname="com.Test.EditProfileTest" name="verifyEditProfileTest" time="0.0">
    <ignored/>
  </testcase> <!-- verifyEditProfileTest -->
  <testcase classname="com.Test.CreateContactTest" name="verifyCreateContact" time="0.0">
    <ignored/>
  </testcase> <!-- verifyCreateContact -->
</testsuite> <!-- Test -->
