<?xml version="1.0" encoding="UTF-8"?>
<!-- Generated by org.testng.reporters.JUnitXMLReporter -->
<testsuite ignored="0" hostname="DESKTOP-R6GD7JD" failures="0" tests="3" name="Test" time="79.143" errors="0" timestamp="2024-12-18T14:27:31 IST">
  <testcase classname="com.Test.CreateContactTest" name="verifyCreateContact" time="6.354"/>
  <testcase classname="com.Test.CreateContactTest" name="verifyCreateContactValidations" time="9.149"/>
  <testcase classname="com.Test.EditProfileTest" name="verifyEditProfileTest" time="25.886"/>
</testsuite> <!-- Test -->
